<?xml version="1.0" encoding="UTF-8"?>
<!-- Generated by org.testng.reporters.JUnitReportReporter -->
<testsuite skipped="0" hostname="DESKTOP-3A4C4UN" name="openlink.OpenFQATest" tests="2" failures="0" timestamp="2020-07-04T11:04:58 CEST" time="9.059" errors="0">
  <testcase name="openFaqPageAndVerifyIt" time="3.027" classname="openlink.OpenFQATest"/>
  <system-out/>
  <testcase name="openTuzlaPageAndVerifyIt" time="6.032" classname="openlink.OpenFQATest"/>
  <system-out/>
</testsuite> <!-- openlink.OpenFQATest -->
